"" 
[18-Mar-2026 20:58:41 Europe/Berlin] PHP Fatal error:  Cannot redeclare authenticateAdmin() (previously declared in C:\xampp\htdocs\aora-backend\api.php:344) in C:\xampp\htdocs\aora-backend\database.php on line 645
[18-Mar-2026 21:01:44 Europe/Berlin] PHP Fatal error:  Cannot redeclare authenticateAdmin() (previously declared in C:\xampp\htdocs\aora-backend\api.php:344) in C:\xampp\htdocs\aora-backend\database.php on line 645
[18-Mar-2026 21:01:44 Europe/Berlin] PHP Fatal error:  Cannot redeclare authenticateAdmin() (previously declared in C:\xampp\htdocs\aora-backend\api.php:344) in C:\xampp\htdocs\aora-backend\database.php on line 645
[18-Mar-2026 21:02:27 Europe/Berlin] PHP Fatal error:  Cannot redeclare authenticateAdmin() (previously declared in C:\xampp\htdocs\aora-backend\api.php:344) in C:\xampp\htdocs\aora-backend\database.php on line 645
[18-Mar-2026 21:02:32 Europe/Berlin] PHP Fatal error:  Cannot redeclare authenticateAdmin() (previously declared in C:\xampp\htdocs\aora-backend\api.php:344) in C:\xampp\htdocs\aora-backend\database.php on line 645
[18-Mar-2026 21:02:34 Europe/Berlin] PHP Fatal error:  Cannot redeclare authenticateAdmin() (previously declared in C:\xampp\htdocs\aora-backend\api.php:344) in C:\xampp\htdocs\aora-backend\database.php on line 645
[18-Mar-2026 21:02:38 Europe/Berlin] PHP Fatal error:  Cannot redeclare authenticateAdmin() (previously declared in C:\xampp\htdocs\aora-backend\api.php:344) in C:\xampp\htdocs\aora-backend\database.php on line 645
[18-Mar-2026 21:04:21 Europe/Berlin] PHP Fatal error:  Cannot redeclare authenticateAdmin() (previously declared in C:\xampp\htdocs\aora-backend\api.php:344) in C:\xampp\htdocs\aora-backend\database.php on line 645
[18-Mar-2026 21:04:23 Europe/Berlin] PHP Fatal error:  Cannot redeclare authenticateAdmin() (previously declared in C:\xampp\htdocs\aora-backend\api.php:344) in C:\xampp\htdocs\aora-backend\database.php on line 645
[18-Mar-2026 21:09:46 Europe/Berlin] PHP Fatal error:  Cannot redeclare authenticateAdmin() (previously declared in C:\xampp\htdocs\aora-backend\api.php:344) in C:\xampp\htdocs\aora-backend\database.php on line 645
[18-Mar-2026 21:09:46 Europe/Berlin] PHP Fatal error:  Cannot redeclare authenticateAdmin() (previously declared in C:\xampp\htdocs\aora-backend\api.php:344) in C:\xampp\htdocs\aora-backend\database.php on line 645
[18-Mar-2026 21:10:50 Europe/Berlin] rooms.php accessed at 2026-03-18 21:10:50
[18-Mar-2026 21:10:50 Europe/Berlin] rooms.php - pageTitle: Luxury Rooms & Suites in Siaya County, Kenya | AORA 45
[18-Mar-2026 21:10:50 Europe/Berlin] rooms.php - pageDescription: Discover our elegant rooms and suites at AORA 45 resort in Siaya County. From standard rooms to luxury suites, book your stay with amenities like free WiFi, pool, spa, and fine dining.
[18-Mar-2026 21:10:51 Europe/Berlin] PHP Fatal error:  Cannot redeclare authenticateAdmin() (previously declared in C:\xampp\htdocs\aora-backend\api.php:344) in C:\xampp\htdocs\aora-backend\database.php on line 645
[18-Mar-2026 21:10:51 Europe/Berlin] PHP Fatal error:  Cannot redeclare authenticateAdmin() (previously declared in C:\xampp\htdocs\aora-backend\api.php:344) in C:\xampp\htdocs\aora-backend\database.php on line 645
[18-Mar-2026 21:10:53 Europe/Berlin] rooms.php accessed at 2026-03-18 21:10:53
[18-Mar-2026 21:10:53 Europe/Berlin] rooms.php - pageTitle: Luxury Rooms & Suites in Siaya County, Kenya | AORA 45
[18-Mar-2026 21:10:53 Europe/Berlin] rooms.php - pageDescription: Discover our elegant rooms and suites at AORA 45 resort in Siaya County. From standard rooms to luxury suites, book your stay with amenities like free WiFi, pool, spa, and fine dining.
[18-Mar-2026 21:11:17 Europe/Berlin] rooms.php accessed at 2026-03-18 21:11:17
[18-Mar-2026 21:11:17 Europe/Berlin] rooms.php - pageTitle: Luxury Rooms & Suites in Siaya County, Kenya | AORA 45
[18-Mar-2026 21:11:17 Europe/Berlin] rooms.php - pageDescription: Discover our elegant rooms and suites at AORA 45 resort in Siaya County. From standard rooms to luxury suites, book your stay with amenities like free WiFi, pool, spa, and fine dining.
[18-Mar-2026 21:11:19 Europe/Berlin] PHP Fatal error:  Cannot redeclare authenticateAdmin() (previously declared in C:\xampp\htdocs\aora-backend\api.php:344) in C:\xampp\htdocs\aora-backend\database.php on line 645
[18-Mar-2026 21:11:19 Europe/Berlin] PHP Fatal error:  Cannot redeclare authenticateAdmin() (previously declared in C:\xampp\htdocs\aora-backend\api.php:344) in C:\xampp\htdocs\aora-backend\database.php on line 645
[18-Mar-2026 21:11:28 Europe/Berlin] rooms.php accessed at 2026-03-18 21:11:28
[18-Mar-2026 21:11:28 Europe/Berlin] rooms.php - pageTitle: Luxury Rooms & Suites in Siaya County, Kenya | AORA 45
[18-Mar-2026 21:11:28 Europe/Berlin] rooms.php - pageDescription: Discover our elegant rooms and suites at AORA 45 resort in Siaya County. From standard rooms to luxury suites, book your stay with amenities like free WiFi, pool, spa, and fine dining.
[18-Mar-2026 21:12:10 Europe/Berlin] PHP Fatal error:  Cannot redeclare authenticateAdmin() (previously declared in C:\xampp\htdocs\aora-backend\api.php:344) in C:\xampp\htdocs\aora-backend\database.php on line 645
[18-Mar-2026 21:12:10 Europe/Berlin] PHP Fatal error:  Cannot redeclare authenticateAdmin() (previously declared in C:\xampp\htdocs\aora-backend\api.php:344) in C:\xampp\htdocs\aora-backend\database.php on line 645
[18-Mar-2026 21:12:53 Europe/Berlin] PHP Fatal error:  Cannot redeclare authenticateAdmin() (previously declared in C:\xampp\htdocs\aora-backend\api.php:344) in C:\xampp\htdocs\aora-backend\database.php on line 645
[18-Mar-2026 21:12:55 Europe/Berlin] PHP Fatal error:  Cannot redeclare authenticateAdmin() (previously declared in C:\xampp\htdocs\aora-backend\api.php:344) in C:\xampp\htdocs\aora-backend\database.php on line 645
[18-Mar-2026 21:16:11 Europe/Berlin] PHP Fatal error:  Cannot redeclare authenticateAdmin() (previously declared in C:\xampp\htdocs\aora-backend\api.php:344) in C:\xampp\htdocs\aora-backend\database.php on line 655
[18-Mar-2026 21:16:12 Europe/Berlin] PHP Fatal error:  Cannot redeclare authenticateAdmin() (previously declared in C:\xampp\htdocs\aora-backend\api.php:344) in C:\xampp\htdocs\aora-backend\database.php on line 655
[18-Mar-2026 21:16:33 Europe/Berlin] PHP Fatal error:  Cannot redeclare authenticateAdmin() (previously declared in C:\xampp\htdocs\aora-backend\api.php:344) in C:\xampp\htdocs\aora-backend\database.php on line 655
[18-Mar-2026 21:16:33 Europe/Berlin] PHP Fatal error:  Cannot redeclare authenticateAdmin() (previously declared in C:\xampp\htdocs\aora-backend\api.php:344) in C:\xampp\htdocs\aora-backend\database.php on line 655
[18-Mar-2026 21:19:41 Europe/Berlin] PHP Fatal error:  Cannot redeclare authenticateAdmin() (previously declared in C:\xampp\htdocs\aora-backend\api.php:344) in C:\xampp\htdocs\aora-backend\database.php on line 655
[18-Mar-2026 21:19:41 Europe/Berlin] PHP Fatal error:  Cannot redeclare authenticateAdmin() (previously declared in C:\xampp\htdocs\aora-backend\api.php:344) in C:\xampp\htdocs\aora-backend\database.php on line 655
[18-Mar-2026 21:22:40 Europe/Berlin] API Request: action=get_bed_types, GET=Array
(
)
, POST=Array
(
    [action] => get_bed_types
)

[18-Mar-2026 21:22:57 Europe/Berlin] API Request: action=get_room_views, GET=Array
(
)
, POST=Array
(
    [action] => get_room_views
)

[18-Mar-2026 21:23:16 Europe/Berlin] API Request: action=admin_login, GET=Array
(
)
, POST=Array
(
    [action] => admin_login
    [email] => admin@aora.com
    [password] => admin123
)

[18-Mar-2026 21:23:39 Europe/Berlin] API Request: action=get_room_views, GET=Array
(
)
, POST=Array
(
    [action] => get_room_views
)

[18-Mar-2026 21:23:39 Europe/Berlin] API Request: action=get_bed_types, GET=Array
(
)
, POST=Array
(
    [action] => get_bed_types
)

[18-Mar-2026 21:25:52 Europe/Berlin] rooms.php accessed at 2026-03-18 21:25:52
[18-Mar-2026 21:25:52 Europe/Berlin] rooms.php - pageTitle: Luxury Rooms & Suites in Siaya County, Kenya | AORA 45
[18-Mar-2026 21:25:52 Europe/Berlin] rooms.php - pageDescription: Discover our elegant rooms and suites at AORA 45 resort in Siaya County. From standard rooms to luxury suites, book your stay with amenities like free WiFi, pool, spa, and fine dining.
[18-Mar-2026 21:25:54 Europe/Berlin] API Request: action=get_filter_options, GET=Array
(
    [action] => get_filter_options
)
, POST=Array
(
)

[18-Mar-2026 21:25:54 Europe/Berlin] API Request: action=get_rooms, GET=Array
(
    [action] => get_rooms
    [view] => all
    [bed] => all
    [sort] => price_asc
)
, POST=Array
(
)

[18-Mar-2026 21:25:54 Europe/Berlin] get_rooms called
[18-Mar-2026 21:25:54 Europe/Berlin] Rooms found: 8
[18-Mar-2026 21:25:54 Europe/Berlin] JSON created successfully, length: 8526
[18-Mar-2026 21:25:55 Europe/Berlin] rooms.php accessed at 2026-03-18 21:25:55
[18-Mar-2026 21:25:55 Europe/Berlin] rooms.php - pageTitle: Luxury Rooms & Suites in Siaya County, Kenya | AORA 45
[18-Mar-2026 21:25:55 Europe/Berlin] rooms.php - pageDescription: Discover our elegant rooms and suites at AORA 45 resort in Siaya County. From standard rooms to luxury suites, book your stay with amenities like free WiFi, pool, spa, and fine dining.
[18-Mar-2026 21:31:11 Europe/Berlin] API Request: action=get_rooms, GET=Array
(
)
, POST=Array
(
    [action] => get_rooms
)

[18-Mar-2026 21:31:11 Europe/Berlin] get_rooms called
[18-Mar-2026 21:31:11 Europe/Berlin] Rooms found: 8
[18-Mar-2026 21:31:11 Europe/Berlin] JSON created successfully, length: 8526
[18-Mar-2026 21:40:47 Europe/Berlin] API Request: action=get_rooms, GET=Array
(
)
, POST=Array
(
    [action] => get_rooms
    [limit] => 8
)

[18-Mar-2026 21:40:47 Europe/Berlin] get_rooms called
[18-Mar-2026 21:40:47 Europe/Berlin] Rooms found: 8
[18-Mar-2026 21:40:47 Europe/Berlin] JSON created successfully, length: 8526
[18-Mar-2026 21:43:15 Europe/Berlin] API Request: action=get_rooms, GET=Array
(
)
, POST=Array
(
    [action] => get_rooms
    [limit] => 8
)

[18-Mar-2026 21:43:15 Europe/Berlin] get_rooms called
[18-Mar-2026 21:43:15 Europe/Berlin] Rooms found: 8
[18-Mar-2026 21:43:15 Europe/Berlin] JSON created successfully, length: 8526
[18-Mar-2026 21:49:14 Europe/Berlin] API Request: action=get_rooms, GET=Array
(
)
, POST=Array
(
    [action] => get_rooms
    [limit] => 8
)

[18-Mar-2026 21:49:14 Europe/Berlin] get_rooms called
[18-Mar-2026 21:49:14 Europe/Berlin] Rooms found: 8
[18-Mar-2026 21:49:14 Europe/Berlin] JSON created successfully, length: 8526
[18-Mar-2026 21:49:21 Europe/Berlin] rooms.php accessed at 2026-03-18 21:49:21
[18-Mar-2026 21:49:21 Europe/Berlin] rooms.php - pageTitle: Luxury Rooms & Suites in Siaya County, Kenya | AORA 45
[18-Mar-2026 21:49:21 Europe/Berlin] rooms.php - pageDescription: Discover our elegant rooms and suites at AORA 45 resort in Siaya County. From standard rooms to luxury suites, book your stay with amenities like free WiFi, pool, spa, and fine dining.
[18-Mar-2026 21:49:21 Europe/Berlin] API Request: action=get_filter_options, GET=Array
(
    [action] => get_filter_options
)
, POST=Array
(
)

[18-Mar-2026 21:49:21 Europe/Berlin] API Request: action=get_rooms, GET=Array
(
    [action] => get_rooms
    [view] => all
    [bed] => all
    [sort] => price_asc
)
, POST=Array
(
)

[18-Mar-2026 21:49:21 Europe/Berlin] get_rooms called
[18-Mar-2026 21:49:21 Europe/Berlin] Rooms found: 8
[18-Mar-2026 21:49:21 Europe/Berlin] JSON created successfully, length: 8526
[18-Mar-2026 21:49:22 Europe/Berlin] rooms.php accessed at 2026-03-18 21:49:22
[18-Mar-2026 21:49:22 Europe/Berlin] rooms.php - pageTitle: Luxury Rooms & Suites in Siaya County, Kenya | AORA 45
[18-Mar-2026 21:49:22 Europe/Berlin] rooms.php - pageDescription: Discover our elegant rooms and suites at AORA 45 resort in Siaya County. From standard rooms to luxury suites, book your stay with amenities like free WiFi, pool, spa, and fine dining.
